watch : Started
Building...
Resources\SfResources.resx : warning MSB3568: Duplicate resource name "Maps_Pan" is not allowed, ignored. [C:\Users\Chase\Desktop\Programming\hrmanager-blazorapp\HRManager.Blazor\HRManager.Blazor.csproj]
Resources\SfResources.resx : warning MSB3568: Duplicate resource name "Maps_Reset" is not allowed, ignored. [C:\Users\Chase\Desktop\Programming\hrmanager-blazorapp\HRManager.Blazor\HRManager.Blazor.csproj]
Resources\SfResources.resx : warning MSB3568: Duplicate resource name "Maps_Zoom" is not allowed, ignored. [C:\Users\Chase\Desktop\Programming\hrmanager-blazorapp\HRManager.Blazor\HRManager.Blazor.csproj]
Resources\SfResources.resx : warning MSB3568: Duplicate resource name "Maps_ZoomIn" is not allowed, ignored. [C:\Users\Chase\Desktop\Programming\hrmanager-blazorapp\HRManager.Blazor\HRManager.Blazor.csproj]
Resources\SfResources.resx : warning MSB3568: Duplicate resource name "Maps_ZoomOut" is not allowed, ignored. [C:\Users\Chase\Desktop\Programming\hrmanager-blazorapp\HRManager.Blazor\HRManager.Blazor.csproj]
C:\Users\Chase\Desktop\Programming\hrmanager-blazorapp\HRManager.Blazor\Pages\Admin\Teams.razor(3,7): warning CS0105: The using directive for 'HRManager.Blazor.Pages.Shared' appeared previously in this namespace [C:\Users\Chase\Desktop\Programming\hrmanager-blazorapp\HRManager.Blazor\HRManager.Blazor.csproj]
C:\Users\Chase\Desktop\Programming\hrmanager-blazorapp\HRManager.Blazor\Pages\Account\Logout.cshtml.cs(15,27): warning CS1998: This async method lacks 'await' operators and will run synchronously. Consider using the 'await' operator to await non-blocking API calls, or 'await Task.Run(...)' to do CPU-bound work on a background thread. [C:\Users\Chase\Desktop\Programming\hrmanager-blazorapp\HRManager.Blazor\HRManager.Blazor.csproj]
C:\Users\Chase\Desktop\Programming\hrmanager-blazorapp\HRManager.Blazor\Pages\Admin\AlertsBase.cs(43,30): warning CS1998: This async method lacks 'await' operators and will run synchronously. Consider using the 'await' operator to await non-blocking API calls, or 'await Task.Run(...)' to do CPU-bound work on a background thread. [C:\Users\Chase\Desktop\Programming\hrmanager-blazorapp\HRManager.Blazor\HRManager.Blazor.csproj]
C:\Users\Chase\Desktop\Programming\hrmanager-blazorapp\HRManager.Blazor\Pages\Admin\AlertsBase.cs(48,30): warning CS1998: This async method lacks 'await' operators and will run synchronously. Consider using the 'await' operator to await non-blocking API calls, or 'await Task.Run(...)' to do CPU-bound work on a background thread. [C:\Users\Chase\Desktop\Programming\hrmanager-blazorapp\HRManager.Blazor\HRManager.Blazor.csproj]
C:\Users\Chase\Desktop\Programming\hrmanager-blazorapp\HRManager.Blazor\Services\AlertServices.cs(35,30): warning CS0168: The variable 'ex' is declared but never used [C:\Users\Chase\Desktop\Programming\hrmanager-blazorapp\HRManager.Blazor\HRManager.Blazor.csproj]
C:\Users\Chase\Desktop\Programming\hrmanager-blazorapp\HRManager.Blazor\Pages\Account\Register.razor(31,17): warning CS0169: The field 'Register.test' is never used [C:\Users\Chase\Desktop\Programming\hrmanager-blazorapp\HRManager.Blazor\HRManager.Blazor.csproj]
C:\Users\Chase\Desktop\Programming\hrmanager-blazorapp\HRManager.Blazor\Pages\Account\PostLoginRedirector.razor(11,20): warning CS0169: The field 'PostLoginRedirector.message' is never used [C:\Users\Chase\Desktop\Programming\hrmanager-blazorapp\HRManager.Blazor\HRManager.Blazor.csproj]
C:\Users\Chase\Desktop\Programming\hrmanager-blazorapp\HRManager.Blazor\Pages\Account\Register.razor(30,18): warning CS0649: Field 'Register.ShowErrors' is never assigned to, and will always have its default value false [C:\Users\Chase\Desktop\Programming\hrmanager-blazorapp\HRManager.Blazor\HRManager.Blazor.csproj]
C:\Users\Chase\Desktop\Programming\hrmanager-blazorapp\HRManager.Blazor\Pages\Account\Register.razor(32,33): warning CS0649: Field 'Register.Errors' is never assigned to, and will always have its default value null [C:\Users\Chase\Desktop\Programming\hrmanager-blazorapp\HRManager.Blazor\HRManager.Blazor.csproj]
C:\Users\Chase\Desktop\Programming\hrmanager-blazorapp\HRManager.Blazor\Shared\MainLayout.razor(16,20): warning CS0414: The field 'MainLayout.currentPage' is assigned but its value is never used [C:\Users\Chase\Desktop\Programming\hrmanager-blazorapp\HRManager.Blazor\HRManager.Blazor.csproj]
C:\Users\Chase\Desktop\Programming\hrmanager-blazorapp\HRManager.Blazor\Pages\Admin\ScheduleEditorTemplate.razor(19,13): warning BL0005: Component parameter 'SelectedType' should not be set outside of its component. [C:\Users\Chase\Desktop\Programming\hrmanager-blazorapp\HRManager.Blazor\HRManager.Blazor.csproj]
info: Microsoft.Hosting.Lifetime[0]
      Now listening on: https://localhost:5004
info: Microsoft.Hosting.Lifetime[0]
      Now listening on: http://localhost:5003
info: Microsoft.Hosting.Lifetime[0]
      Application started. Press Ctrl+C to shut down.
info: Microsoft.Hosting.Lifetime[0]
      Hosting environment: Development
info: Microsoft.Hosting.Lifetime[0]
      Content root path: C:\Users\Chase\Desktop\Programming\hrmanager-blazorapp\HRManager.Blazor
info: System.Net.Http.HttpClient.ApiClient.LogicalHandler[100]
      Start processing HTTP request GET https://localhost:5001/members/all/full
info: System.Net.Http.HttpClient.ApiClient.ClientHandler[100]
      Sending HTTP request GET https://localhost:5001/members/all/full
info: System.Net.Http.HttpClient.ApiClient.ClientHandler[101]
      Received HTTP response headers after 1409.5042ms - 200
info: System.Net.Http.HttpClient.ApiClient.LogicalHandler[101]
      End processing HTTP request after 1415.6852ms - 200
info: System.Net.Http.HttpClient.ApiClient.LogicalHandler[100]
      Start processing HTTP request GET https://localhost:5001/positions/all
info: System.Net.Http.HttpClient.ApiClient.ClientHandler[100]
      Sending HTTP request GET https://localhost:5001/positions/all
info: System.Net.Http.HttpClient.ApiClient.ClientHandler[101]
      Received HTTP response headers after 31.6652ms - 200
info: System.Net.Http.HttpClient.ApiClient.LogicalHandler[101]
      End processing HTTP request after 31.7529ms - 200
info: System.Net.Http.HttpClient.ApiClient.LogicalHandler[100]
      Start processing HTTP request GET https://localhost:5001/alerts/admin
info: System.Net.Http.HttpClient.ApiClient.ClientHandler[100]
      Sending HTTP request GET https://localhost:5001/alerts/admin
info: System.Net.Http.HttpClient.ApiClient.ClientHandler[101]
      Received HTTP response headers after 66.1109ms - 200
info: System.Net.Http.HttpClient.ApiClient.LogicalHandler[101]
      End processing HTTP request after 66.1871ms - 200
info: System.Net.Http.HttpClient.ApiClient.LogicalHandler[100]
      Start processing HTTP request GET https://localhost:5001/alerts/admin
info: System.Net.Http.HttpClient.ApiClient.ClientHandler[100]
      Sending HTTP request GET https://localhost:5001/alerts/admin
info: System.Net.Http.HttpClient.ApiClient.ClientHandler[101]
      Received HTTP response headers after 6.7619ms - 200
info: System.Net.Http.HttpClient.ApiClient.LogicalHandler[101]
      End processing HTTP request after 6.8458ms - 200
info: System.Net.Http.HttpClient.ApiClient.LogicalHandler[100]
      Start processing HTTP request GET https://localhost:5001/members/all/full
info: System.Net.Http.HttpClient.ApiClient.ClientHandler[100]
      Sending HTTP request GET https://localhost:5001/members/all/full
info: System.Net.Http.HttpClient.ApiClient.ClientHandler[101]
      Received HTTP response headers after 13.5897ms - 200
info: System.Net.Http.HttpClient.ApiClient.LogicalHandler[101]
      End processing HTTP request after 13.6745ms - 200
info: System.Net.Http.HttpClient.ApiClient.LogicalHandler[100]
      Start processing HTTP request GET https://localhost:5001/positions/all
info: System.Net.Http.HttpClient.ApiClient.ClientHandler[100]
      Sending HTTP request GET https://localhost:5001/positions/all
info: System.Net.Http.HttpClient.ApiClient.ClientHandler[101]
      Received HTTP response headers after 6.2756ms - 200
info: System.Net.Http.HttpClient.ApiClient.LogicalHandler[101]
      End processing HTTP request after 6.3426ms - 200
info: System.Net.Http.HttpClient.ApiClient.LogicalHandler[100]
      Start processing HTTP request GET https://localhost:5001/shifts/all
info: System.Net.Http.HttpClient.ApiClient.ClientHandler[100]
      Sending HTTP request GET https://localhost:5001/shifts/all
info: System.Net.Http.HttpClient.ApiClient.ClientHandler[101]
      Received HTTP response headers after 23.0312ms - 200
info: System.Net.Http.HttpClient.ApiClient.LogicalHandler[101]
      End processing HTTP request after 23.1856ms - 200
info: System.Net.Http.HttpClient.ApiClient.LogicalHandler[100]
      Start processing HTTP request GET https://localhost:5001/positions/all
info: System.Net.Http.HttpClient.ApiClient.ClientHandler[100]
      Sending HTTP request GET https://localhost:5001/positions/all
info: System.Net.Http.HttpClient.ApiClient.ClientHandler[101]
      Received HTTP response headers after 5.6656ms - 200
info: System.Net.Http.HttpClient.ApiClient.LogicalHandler[101]
      End processing HTTP request after 5.7417ms - 200
info: System.Net.Http.HttpClient.ApiClient.LogicalHandler[100]
      Start processing HTTP request GET https://localhost:5001/members/all/minimal
info: System.Net.Http.HttpClient.ApiClient.ClientHandler[100]
      Sending HTTP request GET https://localhost:5001/members/all/minimal
info: System.Net.Http.HttpClient.ApiClient.ClientHandler[101]
      Received HTTP response headers after 12.4717ms - 200
info: System.Net.Http.HttpClient.ApiClient.LogicalHandler[101]
      End processing HTTP request after 12.5293ms - 200
info: System.Net.Http.HttpClient.ApiClient.LogicalHandler[100]
      Start processing HTTP request GET https://localhost:5001/shifts/all
info: System.Net.Http.HttpClient.ApiClient.ClientHandler[100]
      Sending HTTP request GET https://localhost:5001/shifts/all
info: System.Net.Http.HttpClient.ApiClient.ClientHandler[101]
      Received HTTP response headers after 4.3787ms - 200
info: System.Net.Http.HttpClient.ApiClient.LogicalHandler[101]
      End processing HTTP request after 4.452ms - 200
info: System.Net.Http.HttpClient.ApiClient.LogicalHandler[100]
      Start processing HTTP request GET https://localhost:5001/timesheet/get-current
info: System.Net.Http.HttpClient.ApiClient.ClientHandler[100]
      Sending HTTP request GET https://localhost:5001/timesheet/get-current
info: System.Net.Http.HttpClient.ApiClient.ClientHandler[101]
      Received HTTP response headers after 30.0654ms - 200
info: System.Net.Http.HttpClient.ApiClient.LogicalHandler[101]
      End processing HTTP request after 30.1332ms - 200
info: System.Net.Http.HttpClient.ApiClient.LogicalHandler[100]
      Start processing HTTP request GET https://localhost:5001/positions/all
info: System.Net.Http.HttpClient.ApiClient.ClientHandler[100]
      Sending HTTP request GET https://localhost:5001/positions/all
info: System.Net.Http.HttpClient.ApiClient.ClientHandler[101]
      Received HTTP response headers after 5.9138ms - 200
info: System.Net.Http.HttpClient.ApiClient.LogicalHandler[101]
      End processing HTTP request after 5.9624ms - 200
info: System.Net.Http.HttpClient.ApiClient.LogicalHandler[100]
      Start processing HTTP request GET https://localhost:5001/members/all/minimal
info: System.Net.Http.HttpClient.ApiClient.ClientHandler[100]
      Sending HTTP request GET https://localhost:5001/members/all/minimal
info: System.Net.Http.HttpClient.ApiClient.ClientHandler[101]
      Received HTTP response headers after 6.1896ms - 200
info: System.Net.Http.HttpClient.ApiClient.LogicalHandler[101]
      End processing HTTP request after 6.2372ms - 200
info: System.Net.Http.HttpClient.ApiClient.LogicalHandler[100]
      Start processing HTTP request GET https://localhost:5001/shifts/all
info: System.Net.Http.HttpClient.ApiClient.ClientHandler[100]
      Sending HTTP request GET https://localhost:5001/shifts/all
info: System.Net.Http.HttpClient.ApiClient.ClientHandler[101]
      Received HTTP response headers after 4.6003ms - 200
info: System.Net.Http.HttpClient.ApiClient.LogicalHandler[101]
      End processing HTTP request after 4.6809ms - 200
info: System.Net.Http.HttpClient.ApiClient.LogicalHandler[100]
      Start processing HTTP request GET https://localhost:5001/positions/all
info: System.Net.Http.HttpClient.ApiClient.ClientHandler[100]
      Sending HTTP request GET https://localhost:5001/positions/all
info: System.Net.Http.HttpClient.ApiClient.ClientHandler[101]
      Received HTTP response headers after 7.1241ms - 200
info: System.Net.Http.HttpClient.ApiClient.LogicalHandler[101]
      End processing HTTP request after 7.1732ms - 200
info: System.Net.Http.HttpClient.ApiClient.LogicalHandler[100]
      Start processing HTTP request GET https://localhost:5001/members/all/minimal
info: System.Net.Http.HttpClient.ApiClient.ClientHandler[100]
      Sending HTTP request GET https://localhost:5001/members/all/minimal
info: System.Net.Http.HttpClient.ApiClient.ClientHandler[101]
      Received HTTP response headers after 7.9711ms - 200
info: System.Net.Http.HttpClient.ApiClient.LogicalHandler[101]
      End processing HTTP request after 8.0344ms - 200
info: System.Net.Http.HttpClient.ApiClient.LogicalHandler[100]
      Start processing HTTP request GET https://localhost:5001/shifts/all
info: System.Net.Http.HttpClient.ApiClient.ClientHandler[100]
      Sending HTTP request GET https://localhost:5001/shifts/all
info: System.Net.Http.HttpClient.ApiClient.ClientHandler[101]
      Received HTTP response headers after 4.2116ms - 200
info: System.Net.Http.HttpClient.ApiClient.LogicalHandler[101]
      End processing HTTP request after 4.2862ms - 200
info: System.Net.Http.HttpClient.ApiClient.LogicalHandler[100]
      Start processing HTTP request GET https://localhost:5001/members/all/full
info: System.Net.Http.HttpClient.ApiClient.ClientHandler[100]
      Sending HTTP request GET https://localhost:5001/members/all/full
info: System.Net.Http.HttpClient.ApiClient.ClientHandler[101]
      Received HTTP response headers after 8.4444ms - 200
info: System.Net.Http.HttpClient.ApiClient.LogicalHandler[101]
      End processing HTTP request after 8.5157ms - 200
info: System.Net.Http.HttpClient.ApiClient.LogicalHandler[100]
      Start processing HTTP request GET https://localhost:5001/positions/all
info: System.Net.Http.HttpClient.ApiClient.ClientHandler[100]
      Sending HTTP request GET https://localhost:5001/positions/all
info: System.Net.Http.HttpClient.ApiClient.ClientHandler[101]
      Received HTTP response headers after 7.329ms - 200
info: System.Net.Http.HttpClient.ApiClient.LogicalHandler[101]
      End processing HTTP request after 7.3833ms - 200
info: System.Net.Http.HttpClient.ApiClient.LogicalHandler[100]
      Start processing HTTP request GET https://localhost:5001/alerts/admin
info: System.Net.Http.HttpClient.ApiClient.ClientHandler[100]
      Sending HTTP request GET https://localhost:5001/alerts/admin
info: System.Net.Http.HttpClient.ApiClient.ClientHandler[101]
      Received HTTP response headers after 6.5093ms - 200
info: System.Net.Http.HttpClient.ApiClient.LogicalHandler[101]
      End processing HTTP request after 6.5706ms - 200
info: Microsoft.Hosting.Lifetime[0]
      Application is shutting down...
watch : Shutdown requested. Press Ctrl+C again to force exit.

watch : Exited
